<?xml version="1.0" encoding="utf-8"?><testsuites name="pytest tests"><testsuite name="pytest" errors="0" failures="0" skipped="0" tests="24" time="7.246" timestamp="2026-07-12T16:07:13.242181+00:00" hostname="agent-env-c5149fd9-7a33-4e51-a4b3-4f4e1d02929e"><testcase classname="tests.backend_test" name="test_health" time="0.239" /><testcase classname="tests.backend_test" name="test_owner_login_returns_token_and_user" time="0.356" /><testcase classname="tests.backend_test" name="test_me_returns_alpha_demo_tenant" time="0.436" /><testcase classname="tests.backend_test" name="test_super_admin_login_new_password" time="0.337" /><testcase classname="tests.backend_test" name="test_super_admin_old_password_rejected" time="0.359" /><testcase classname="tests.backend_test" name="test_old_dteduc_owner_rejected" time="0.144" /><testcase classname="tests.backend_test" name="test_dashboard_summary" time="0.115" /><testcase classname="tests.backend_test" name="test_seeded_lists[/students-15]" time="0.101" /><testcase classname="tests.backend_test" name="test_seeded_lists[/teachers-3]" time="0.096" /><testcase classname="tests.backend_test" name="test_seeded_lists[/courses-4]" time="0.165" /><testcase classname="tests.backend_test" name="test_seeded_lists[/groups-4]" time="0.147" /><testcase classname="tests.backend_test" name="test_seeded_lists[/sessions-1]" time="0.105" /><testcase classname="tests.backend_test" name="test_seeded_lists[/payments-20]" time="0.117" /><testcase classname="tests.backend_test" name="test_students_crud" time="0.544" /><testcase classname="tests.backend_test" name="test_tenant_isolation" time="0.455" /><testcase classname="tests.backend_test" name="test_teacher_cannot_create_user" time="0.525" /><testcase classname="tests.backend_test" name="test_bulk_attendance" time="0.500" /><testcase classname="tests.backend_test" name="test_global_search" time="0.110" /><testcase classname="tests.backend_test" name="test_register_invalid_slug" time="0.094" /><testcase classname="tests.backend_test" name="test_register_duplicate_slug" time="0.096" /><testcase classname="tests.backend_test" name="test_admin_platform_summary_super" time="0.477" /><testcase classname="tests.backend_test" name="test_admin_platform_summary_owner_forbidden" time="0.103" /><testcase classname="tests.backend_test" name="test_admin_suspend_and_activate_alpha_demo" time="0.415" /><testcase classname="tests.backend_test" name="test_admin_delete_tenant" time="0.637" /></testsuite></testsuites>