<?xml version="1.0" encoding="utf-8"?><testsuites name="pytest tests"><testsuite name="pytest" errors="0" failures="0" skipped="0" tests="18" time="5.073" timestamp="2026-07-12T15:38:10.673710+00:00" hostname="agent-env-c5149fd9-7a33-4e51-a4b3-4f4e1d02929e"><testcase classname="tests.backend_test" name="test_health" time="0.271" /><testcase classname="tests.backend_test" name="test_owner_login_returns_token_and_user" time="0.327" /><testcase classname="tests.backend_test" name="test_me_returns_user_and_tenant" time="0.467" /><testcase classname="tests.backend_test" name="test_super_admin_login" time="0.326" /><testcase classname="tests.backend_test" name="test_dashboard_summary" time="0.124" /><testcase classname="tests.backend_test" name="test_seeded_lists[/students-15]" time="0.109" /><testcase classname="tests.backend_test" name="test_seeded_lists[/teachers-3]" time="0.170" /><testcase classname="tests.backend_test" name="test_seeded_lists[/courses-4]" time="0.159" /><testcase classname="tests.backend_test" name="test_seeded_lists[/groups-4]" time="0.096" /><testcase classname="tests.backend_test" name="test_seeded_lists[/sessions-1]" time="0.100" /><testcase classname="tests.backend_test" name="test_seeded_lists[/payments-20]" time="0.101" /><testcase classname="tests.backend_test" name="test_students_crud" time="0.574" /><testcase classname="tests.backend_test" name="test_tenant_isolation" time="0.437" /><testcase classname="tests.backend_test" name="test_teacher_cannot_create_user" time="0.523" /><testcase classname="tests.backend_test" name="test_bulk_attendance" time="0.417" /><testcase classname="tests.backend_test" name="test_global_search" time="0.114" /><testcase classname="tests.backend_test" name="test_register_invalid_slug" time="0.100" /><testcase classname="tests.backend_test" name="test_register_duplicate_slug" time="0.097" /></testsuite></testsuites>